# JRE version: OpenJDK Runtime Environment 18.9 (11.0.11+9) (build 11.0.11+9)
# Java VM: OpenJDK 64-Bit Server VM 18.9 (11.0.11+9, mixed mode, tiered, compressed oops, g1 gc, windows-amd64)
Heap:
 garbage-first heap   total 262144K, used 127785K [0x0000000740000000, 0x0000000800000000)
  region size 1024K, 42 young (43008K), 0 survivors (0K)
 Metaspace       used 96151K, capacity 97194K, committed 99500K, reserved 1136640K
  class space    used 12042K, capacity 12466K, committed 13312K, reserved 1048576K
GC Heap History (20 events):
Event: 16618.075 GC heap before
{Heap before GC invocations=1467 (full 1147):
 garbage-first heap   total 262144K, used 89497K [0x0000000740000000, 0x0000000800000000)
  region size 1024K, 2 young (2048K), 0 survivors (0K)
 Metaspace       used 96030K, capacity 97130K, committed 99244K, reserved 1134592K
  class space    used 12022K, capacity 12466K, committed 13312K, reserved 1048576K
}
Event: 16618.134 GC heap after
{Heap after GC invocations=1468 (full 1148):
 garbage-first heap   total 262144K, used 88469K [0x0000000740000000, 0x0000000800000000)
  region size 1024K, 0 young (0K), 0 survivors (0K)
 Metaspace       used 96030K, capacity 97130K, committed 99244K, reserved 1134592K
  class space    used 12022K, capacity 12466K, committed 13312K, reserved 1048576K
}
Event: 16618.441 GC heap before
{Heap before GC invocations=1468 (full 1148):
 garbage-first heap   total 262144K, used 90517K [0x0000000740000000, 0x0000000800000000)
  region size 1024K, 3 young (3072K), 0 survivors (0K)
 Metaspace       used 96030K, capacity 97130K, committed 99244K, reserved 1134592K
  class space    used 12022K, capacity 12466K, committed 13312K, reserved 1048576K
}
Event: 16618.499 GC heap after
{Heap after GC invocations=1469 (full 1149):
 garbage-first heap   total 262144K, used 88516K [0x0000000740000000, 0x0000000800000000)
  region size 1024K, 0 young (0K), 0 survivors (0K)
 Metaspace       used 96030K, capacity 97130K, committed 99244K, reserved 1134592K
  class space    used 12022K, capacity 12466K, committed 13312K, reserved 1048576K
}
Event: 16619.661 GC heap before
{Heap before GC invocations=1469 (full 1149):
 garbage-first heap   total 262144K, used 91588K [0x0000000740000000, 0x0000000800000000)
  region size 1024K, 4 young (4096K), 0 survivors (0K)
 Metaspace       used 96030K, capacity 97130K, committed 99244K, reserved 1134592K
  class space    used 12022K, capacity 12466K, committed 13312K, reserved 1048576K
}
Event: 16619.717 GC heap after
{Heap after GC invocations=1470 (full 1150):
 garbage-first heap   total 262144K, used 88540K [0x0000000740000000, 0x0000000800000000)
  region size 1024K, 0 young (0K), 0 survivors (0K)
 Metaspace       used 96030K, capacity 97130K, committed 99244K, reserved 1134592K
  class space    used 12022K, capacity 12466K, committed 13312K, reserved 1048576K
}
Event: 16619.812 GC heap before
{Heap before GC invocations=1470 (full 1150):
 garbage-first heap   total 262144K, used 90588K [0x0000000740000000, 0x0000000800000000)
  region size 1024K, 3 young (3072K), 0 survivors (0K)
 Metaspace       used 96030K, capacity 97130K, committed 99244K, reserved 1134592K
  class space    used 12022K, capacity 12466K, committed 13312K, reserved 1048576K
}
Event: 16619.869 GC heap after
{Heap after GC invocations=1471 (full 1151):
 garbage-first heap   total 262144K, used 88502K [0x0000000740000000, 0x0000000800000000)
  region size 1024K, 0 young (0K), 0 survivors (0K)
 Metaspace       used 96030K, capacity 97130K, committed 99244K, reserved 1134592K
  class space    used 12022K, capacity 12466K, committed 13312K, reserved 1048576K
}
Event: 16619.917 GC heap before
{Heap before GC invocations=1471 (full 1151):
 garbage-first heap   total 262144K, used 89526K [0x0000000740000000, 0x0000000800000000)
  region size 1024K, 2 young (2048K), 0 survivors (0K)
 Metaspace       used 96030K, capacity 97130K, committed 99244K, reserved 1134592K
  class space    used 12022K, capacity 12466K, committed 13312K, reserved 1048576K
}
Event: 16619.968 GC heap after
{Heap after GC invocations=1472 (full 1152):
 garbage-first heap   total 262144K, used 88483K [0x0000000740000000, 0x0000000800000000)
  region size 1024K, 0 young (0K), 0 survivors (0K)
 Metaspace       used 96030K, capacity 97130K, committed 99244K, reserved 1134592K
  class space    used 12022K, capacity 12466K, committed 13312K, reserved 1048576K
}
Event: 16620.912 GC heap before
{Heap before GC invocations=1472 (full 1152):
 garbage-first heap   total 262144K, used 101795K [0x0000000740000000, 0x0000000800000000)
  region size 1024K, 10 young (10240K), 0 survivors (0K)
 Metaspace       used 96032K, capacity 97130K, committed 99244K, reserved 1134592K
  class space    used 12022K, capacity 12466K, committed 13312K, reserved 1048576K
}
Event: 16620.913 GC heap after
{Heap after GC invocations=1473 (full 1152):
 garbage-first heap   total 262144K, used 92883K [0x0000000740000000, 0x0000000800000000)
  region size 1024K, 1 young (1024K), 1 survivors (1024K)
 Metaspace       used 96032K, capacity 97130K, committed 99244K, reserved 1134592K
  class space    used 12022K, capacity 12466K, committed 13312K, reserved 1048576K
}
Event: 16626.572 GC heap before
{Heap before GC invocations=1473 (full 1152):
 garbage-first heap   total 262144K, used 153299K [0x0000000740000000, 0x0000000800000000)
  region size 1024K, 60 young (61440K), 1 survivors (1024K)
 Metaspace       used 96116K, capacity 97194K, committed 99500K, reserved 1136640K
  class space    used 12042K, capacity 12466K, committed 13312K, reserved 1048576K
}
Event: 16626.575 GC heap after
{Heap after GC invocations=1474 (full 1152):
 garbage-first heap   total 262144K, used 91477K [0x0000000740000000, 0x0000000800000000)
  region size 1024K, 1 young (1024K), 1 survivors (1024K)
 Metaspace       used 96116K, capacity 97194K, committed 99500K, reserved 1136640K
  class space    used 12042K, capacity 12466K, committed 13312K, reserved 1048576K
}
Event: 16630.086 GC heap before
{Heap before GC invocations=1474 (full 1152):
 garbage-first heap   total 262144K, used 110933K [0x0000000740000000, 0x0000000800000000)
  region size 1024K, 21 young (21504K), 1 survivors (1024K)
 Metaspace       used 96148K, capacity 97194K, committed 99500K, reserved 1136640K
  class space    used 12042K, capacity 12466K, committed 13312K, reserved 1048576K
}
Event: 16630.148 GC heap after
{Heap after GC invocations=1475 (full 1153):
 garbage-first heap   total 262144K, used 85933K [0x0000000740000000, 0x0000000800000000)
  region size 1024K, 0 young (0K), 0 survivors (0K)
 Metaspace       used 96148K, capacity 97194K, committed 99500K, reserved 1136640K
  class space    used 12042K, capacity 12466K, committed 13312K, reserved 1048576K
}
Event: 16630.311 GC heap before
{Heap before GC invocations=1475 (full 1153):
 garbage-first heap   total 262144K, used 86957K [0x0000000740000000, 0x0000000800000000)
  region size 1024K, 2 young (2048K), 0 survivors (0K)
 Metaspace       used 96148K, capacity 97194K, committed 99500K, reserved 1136640K
  class space    used 12042K, capacity 12466K, committed 13312K, reserved 1048576K
}
Event: 16630.369 GC heap after
{Heap after GC invocations=1476 (full 1154):
 garbage-first heap   total 262144K, used 85804K [0x0000000740000000, 0x0000000800000000)
  region size 1024K, 0 young (0K), 0 survivors (0K)
 Metaspace       used 96148K, capacity 97194K, committed 99500K, reserved 1136640K
  class space    used 12042K, capacity 12466K, committed 13312K, reserved 1048576K
}
Event: 16630.664 GC heap before
{Heap before GC invocations=1476 (full 1154):
 garbage-first heap   total 262144K, used 85804K [0x0000000740000000, 0x0000000800000000)
  region size 1024K, 1 young (1024K), 0 survivors (0K)
 Metaspace       used 96148K, capacity 97194K, committed 99500K, reserved 1136640K
  class space    used 12042K, capacity 12466K, committed 13312K, reserved 1048576K
}
Event: 16630.719 GC heap after
{Heap after GC invocations=1477 (full 1155):
 garbage-first heap   total 262144K, used 85801K [0x0000000740000000, 0x0000000800000000)
  region size 1024K, 0 young (0K), 0 survivors (0K)
 Metaspace       used 96148K, capacity 97194K, committed 99500K, reserved 1136640K
  class space    used 12042K, capacity 12466K, committed 13312K, reserved 1048576K
}

